Using pre-set license
Built from '2021.3/china_unity/release' branch; Version is '2021.3.33f1c1 (682b9db7927c) revision 6826909'; Using compiler version '192829333'; Build Type 'Release'
OS: 'Windows 10  (10.0.19045) 64bit Professional' Language: 'zh' Physical Memory: 16243 MB
BatchMode: 1, IsHumanControllingUs: 0, StartBugReporterOnCrash: 0, Is64bit: 1, IsPro: 1

COMMAND LINE ARGUMENTS:
D:\program\Unities\2021.3.33f1c1\Editor\Unity.exe
-adb2
-batchMode
-noUpm
-name
AssetImportWorker1
-projectPath
D:/studyProject/3DDev
-logFile
Logs/AssetImportWorker1.log
-srvPort
51688
Successfully changed project path to: D:/studyProject/3DDev
D:/studyProject/3DDev
[UnityMemory] Configuration Parameters - Can be set up in boot.config
    "memorysetup-bucket-allocator-granularity=16"
    "memorysetup-bucket-allocator-bucket-count=8"
    "memorysetup-bucket-allocator-block-size=33554432"
    "memorysetup-bucket-allocator-block-count=8"
    "memorysetup-main-allocator-block-size=16777216"
    "memorysetup-thread-allocator-block-size=16777216"
    "memorysetup-gfx-main-allocator-block-size=16777216"
    "memorysetup-gfx-thread-allocator-block-size=16777216"
    "memorysetup-cache-allocator-block-size=4194304"
    "memorysetup-typetree-allocator-block-size=2097152"
    "memorysetup-profiler-bucket-allocator-granularity=16"
    "memorysetup-profiler-bucket-allocator-bucket-count=8"
    "memorysetup-profiler-bucket-allocator-block-size=33554432"
    "memorysetup-profiler-bucket-allocator-block-count=8"
    "memorysetup-profiler-allocator-block-size=16777216"
    "memorysetup-profiler-editor-allocator-block-size=1048576"
    "memorysetup-temp-allocator-size-main=16777216"
    "memorysetup-job-temp-allocator-block-size=2097152"
    "memorysetup-job-temp-allocator-block-size-background=1048576"
    "memorysetup-job-temp-allocator-reduction-small-platforms=262144"
    "memorysetup-temp-allocator-size-background-worker=32768"
    "memorysetup-temp-allocator-size-job-worker=262144"
    "memorysetup-temp-allocator-size-preload-manager=33554432"
    "memorysetup-temp-allocator-size-nav-mesh-worker=65536"
    "memorysetup-temp-allocator-size-audio-worker=65536"
    "memorysetup-temp-allocator-size-cloud-worker=32768"
    "memorysetup-temp-allocator-size-gi-baking-worker=262144"
    "memorysetup-temp-allocator-size-gfx=262144"
Player connection [12868] Host "[IP] 192.168.31.213 [Port] 0 [Flags] 2 [Guid] 2631395721 [EditorId] 2631395721 [Version] 1048832 [Id] WindowsEditor(7,cocoa) [Debug] 1 [PackageName] WindowsEditor [ProjectName] Editor" joined multi-casting on [225.0.0.222:54997]...

Player connection [12868] Host "[IP] 192.168.31.213 [Port] 0 [Flags] 2 [Guid] 2631395721 [EditorId] 2631395721 [Version] 1048832 [Id] WindowsEditor(7,cocoa) [Debug] 1 [PackageName] WindowsEditor [ProjectName] Editor" joined alternative multi-casting on [225.0.0.222:34997]...

AS: AutoStreaming module initializing.
[Physics::Module] Initialized MultithreadedJobDispatcher with {0} workers.
Refreshing native plugins compatible for Editor in 75.49 ms, found 3 plugins.
Preloading 0 native plugins for Editor in 0.00 ms.
Initialize engine version: 2021.3.33f1c1 (682b9db7927c)
[Subsystems] Discovering subsystems at path D:/program/Unities/2021.3.33f1c1/Editor/Data/Resources/UnitySubsystems
[Subsystems] Discovering subsystems at path D:/studyProject/3DDev/Assets
GfxDevice: creating device client; threaded=0; jobified=0
d3d12: loaded!
Direct3D:
    Version:         Direct3D 12 [level 12.1]
    Renderer:        NVIDIA GeForce RTX 3070 Ti (ID=0x2482)
    Vendor:          NVIDIA
    VRAM:            8031 MB
    App VRAM Budget: 7263 MB
    Driver:          31.0.15.3623
d3d12: Profiler is enabled, but stable power state is not. GPU timing errors are expected.
Initialize mono
Mono path[0] = 'D:/program/Unities/2021.3.33f1c1/Editor/Data/Managed'
Mono path[1] = 'D:/program/Unities/2021.3.33f1c1/Editor/Data/MonoBleedingEdge/lib/mono/unityjit-win32'
Mono config path = 'D:/program/Unities/2021.3.33f1c1/Editor/Data/MonoBleedingEdge/etc'
Using monoOptions --debugger-agent=transport=dt_socket,embedding=1,server=y,suspend=n,address=127.0.0.1:56572
Begin MonoManager ReloadAssembly
Registering precompiled unity dll's ...
Register platform support module: D:/program/Unities/2021.3.33f1c1/Editor/Data/PlaybackEngines/AndroidPlayer/UnityEditor.Android.Extensions.dll
Register platform support module: D:/program/Unities/2021.3.33f1c1/Editor/Data/PlaybackEngines/WindowsStandaloneSupport/UnityEditor.WindowsStandalone.Extensions.dll
Registered in 0.002214 seconds.
Native extension for WindowsStandalone target not found
Native extension for Android target not found
Android Extension - Scanning For ADB Devices 259 ms
Refreshing native plugins compatible for Editor in 72.09 ms, found 3 plugins.
Preloading 0 native plugins for Editor in 0.00 ms.
Mono: successfully reloaded assembly
- Completed reload, in  0.764 seconds
Domain Reload Profiling:
	ReloadAssembly (764ms)
		BeginReloadAssembly (67ms)
			ExecutionOrderSort (0ms)
			DisableScriptedObjects (0ms)
			BackupInstance (0ms)
			ReleaseScriptingObjects (0ms)
			CreateAndSetChildDomain (1ms)
		EndReloadAssembly (631ms)
			LoadAssemblies (66ms)
			RebuildTransferFunctionScriptingTraits (0ms)
			SetupTypeCache (79ms)
			ReleaseScriptCaches (0ms)
			RebuildScriptCaches (20ms)
			SetupLoadedEditorAssemblies (502ms)
				LogAssemblyErrors (0ms)
				InitializePlatformSupportModulesInManaged (327ms)
				SetLoadedEditorAssemblies (0ms)
				RefreshPlugins (72ms)
				BeforeProcessingInitializeOnLoad (1ms)
				ProcessInitializeOnLoadAttributes (71ms)
				ProcessInitializeOnLoadMethodAttributes (31ms)
				AfterProcessingInitializeOnLoad (0ms)
				EditorAssembliesLoaded (0ms)
			ExecutionOrderSort2 (0ms)
			AwakeInstancesAfterBackupRestoration (0ms)
Platform modules already initialized, skipping
Registering precompiled user dll's ...
Registered in 0.012422 seconds.
Begin MonoManager ReloadAssembly
Native extension for WindowsStandalone target not found
Native extension for Android target not found
Refreshing native plugins compatible for Editor in 68.02 ms, found 3 plugins.
Preloading 0 native plugins for Editor in 0.00 ms.
Package Manager log level set to [2]
[Package Manager] Server::EnsureServerProcessIsRunning -- launch failed, reason: Unity was launched with the -noUpm command-line argument
[Package Manager] Cannot connect to Unity Package Manager local server
Launched and connected shader compiler UnityShaderCompiler.exe after 0.03 seconds
Mono: successfully reloaded assembly
- Completed reload, in  1.587 seconds
Domain Reload Profiling:
	ReloadAssembly (1588ms)
		BeginReloadAssembly (92ms)
			ExecutionOrderSort (0ms)
			DisableScriptedObjects (4ms)
			BackupInstance (0ms)
			ReleaseScriptingObjects (0ms)
			CreateAndSetChildDomain (15ms)
		EndReloadAssembly (1421ms)
			LoadAssemblies (82ms)
			RebuildTransferFunctionScriptingTraits (0ms)
			SetupTypeCache (238ms)
			ReleaseScriptCaches (0ms)
			RebuildScriptCaches (43ms)
			SetupLoadedEditorAssemblies (1041ms)
				LogAssemblyErrors (0ms)
				InitializePlatformSupportModulesInManaged (14ms)
				SetLoadedEditorAssemblies (0ms)
				RefreshPlugins (68ms)
				BeforeProcessingInitializeOnLoad (77ms)
				ProcessInitializeOnLoadAttributes (662ms)
				ProcessInitializeOnLoadMethodAttributes (216ms)
				AfterProcessingInitializeOnLoad (4ms)
				EditorAssembliesLoaded (0ms)
			ExecutionOrderSort2 (0ms)
			AwakeInstancesAfterBackupRestoration (5ms)
Platform modules already initialized, skipping
========================================================================
Worker process is ready to serve import requests
Refreshing native plugins compatible for Editor in 0.52 ms, found 3 plugins.
Preloading 0 native plugins for Editor in 0.00 ms.
Unloading 4932 Unused Serialized files (Serialized files now loaded: 0)
Unloading 45 unused Assets / (0.8 MB). Loaded Objects now: 5442.
Memory consumption went from 211.0 MB to 210.3 MB.
Total: 12.989300 ms (FindLiveObjects: 0.231600 ms CreateObjectMapping: 0.142200 ms MarkObjects: 12.393200 ms  DeleteObjects: 0.221000 ms)

AssetImportParameters requested are different than current active one (requested -> active):
  custom:video-decoder-ogg-theora: a1e56fd34408186e4bbccfd4996cb3dc -> 
  custom:container-muxer-webm: aa71ff27fc2769a1b78a27578f13a17b -> 
  custom:container-demuxer-webm: 4f35f7cbe854078d1ac9338744f61a02 -> 
  custom:video-encoder-webm-vp8: eb34c28f22e8b96e1ab97ce403110664 -> 
  custom:CustomObjectIndexerAttribute: 6b0e35c9178b02a6363f3721b7b8e397 -> 
  custom:audio-encoder-webm-vorbis: bf7c407c2cedff20999df2af8eb42d56 -> 
  custom:framework-win-MediaFoundation: 216162199b28c13a410421893ffa2e32 -> 
  custom:SearchIndexIgnoredProperties: e643bd26f0fe6173181afceb89e7c659 -> 
  custom:container-demuxer-ogg: 62fdf1f143b41e24485cea50d1cbac27 -> 
  custom:video-decoder-webm-vp8: 9c59270c3fd7afecdb556c50c9e8de78 -> 
  custom:audio-decoder-ogg-vorbis: bf7c407c2cedff20999df2af8eb42d56 -> 
========================================================================
Received Import Request.
  Time since last request: 4415.220825 seconds.
  path: Assets/Kevin Iglesias/Basic Motions/Materials/BasicMotionsFloor.mat
  artifactKey: Guid(02490f38574ec9541a91585b214de9f6) Importer(815301076,1909f56bfc062723c751e8b465ee728b)
Number of updated assets reloaded before import = 0
Start importing Assets/Kevin Iglesias/Basic Motions/Materials/BasicMotionsFloor.mat using Guid(02490f38574ec9541a91585b214de9f6) Importer(815301076,1909f56bfc062723c751e8b465ee728b) NullReferenceException: Object reference not set to an instance of an object
  at Test.RayTraceBake.Script.LightmapPipeLine.RenderLightmapUvGbuffer (UnityEngine.Rendering.ScriptableRenderContext& cmd) [0x00001] in D:\studyProject\3DDev\Assets\Test\RayTraceBake\Script\LightmapPipeLine.cs:63 
  at Test.RayTraceBake.Script.LightmapPipeLine.Render (UnityEngine.Rendering.ScriptableRenderContext context, UnityEngine.Camera[] cameras) [0x0004c] in D:\studyProject\3DDev\Assets\Test\RayTraceBake\Script\LightmapPipeLine.cs:164 
  at UnityEngine.Rendering.RenderPipeline.Render (UnityEngine.Rendering.ScriptableRenderContext context, System.Collections.Generic.List`1[T] cameras) [0x00009] in <e3c04d2862064c43b960c3ffb85afd75>:0 
  at UnityEngine.Rendering.RenderPipeline.InternalRender (UnityEngine.Rendering.ScriptableRenderContext context, System.Collections.Generic.List`1[T] cameras) [0x0001c] in <e3c04d2862064c43b960c3ffb85afd75>:0 
  at UnityEngine.Rendering.RenderPipelineManager.DoRenderLoop_Internal (UnityEngine.Rendering.RenderPipelineAsset pipe, System.IntPtr loopPtr, System.Collections.Generic.List`1[T] renderRequests, Unity.Collections.LowLevel.Unsafe.AtomicSafetyHandle safety) [0x00044] in <e3c04d2862064c43b960c3ffb85afd75>:0 
UnityEngine.Camera:Render(Camera)
UnityEditor.PreviewRenderUtility:Render(Boolean, Boolean)
UnityEditor.MaterialEditor:DoRenderPreview(PreviewRenderUtility, Boolean)
UnityEditor.MaterialEditor:RenderStaticPreview(String, Object[], Int32, Int32)
UnityEditor.AssetPreviewUpdater:CreatePreview(Object, Object[], String, Int32, Int32)
UnityEditor.AssetPreviewUpdater:CreatePreviewForAsset(Object, Object[], String)

(Filename: Assets/Test/RayTraceBake/Script/LightmapPipeLine.cs Line: 63)

 -> (artifact id: 'eaf7a8702388433e8f4f5e95f2fe11a5') in 0.077503 seconds 
Number of asset objects unloaded after import = 1
========================================================================
Received Import Request.
  Time since last request: 0.000016 seconds.
  path: Assets/Test/TestRender/Material/Outline.mat
  artifactKey: Guid(2577a1b604c92aa438ede4447959f3a1) Importer(815301076,1909f56bfc062723c751e8b465ee728b)
Number of updated assets reloaded before import = 0
Start importing Assets/Test/TestRender/Material/Outline.mat using Guid(2577a1b604c92aa438ede4447959f3a1) Importer(815301076,1909f56bfc062723c751e8b465ee728b) NullReferenceException: Object reference not set to an instance of an object
  at Test.RayTraceBake.Script.LightmapPipeLine.RenderLightmapUvGbuffer (UnityEngine.Rendering.ScriptableRenderContext& cmd) [0x00001] in D:\studyProject\3DDev\Assets\Test\RayTraceBake\Script\LightmapPipeLine.cs:63 
  at Test.RayTraceBake.Script.LightmapPipeLine.Render (UnityEngine.Rendering.ScriptableRenderContext context, UnityEngine.Camera[] cameras) [0x0004c] in D:\studyProject\3DDev\Assets\Test\RayTraceBake\Script\LightmapPipeLine.cs:164 
  at UnityEngine.Rendering.RenderPipeline.Render (UnityEngine.Rendering.ScriptableRenderContext context, System.Collections.Generic.List`1[T] cameras) [0x00009] in <e3c04d2862064c43b960c3ffb85afd75>:0 
  at UnityEngine.Rendering.RenderPipeline.InternalRender (UnityEngine.Rendering.ScriptableRenderContext context, System.Collections.Generic.List`1[T] cameras) [0x0001c] in <e3c04d2862064c43b960c3ffb85afd75>:0 
  at UnityEngine.Rendering.RenderPipelineManager.DoRenderLoop_Internal (UnityEngine.Rendering.RenderPipelineAsset pipe, System.IntPtr loopPtr, System.Collections.Generic.List`1[T] renderRequests, Unity.Collections.LowLevel.Unsafe.AtomicSafetyHandle safety) [0x00044] in <e3c04d2862064c43b960c3ffb85afd75>:0 
UnityEngine.Camera:Render(Camera)
UnityEditor.PreviewRenderUtility:Render(Boolean, Boolean)
UnityEditor.MaterialEditor:DoRenderPreview(PreviewRenderUtility, Boolean)
UnityEditor.MaterialEditor:RenderStaticPreview(String, Object[], Int32, Int32)
UnityEditor.AssetPreviewUpdater:CreatePreview(Object, Object[], String, Int32, Int32)
UnityEditor.AssetPreviewUpdater:CreatePreviewForAsset(Object, Object[], String)

(Filename: Assets/Test/RayTraceBake/Script/LightmapPipeLine.cs Line: 63)

 -> (artifact id: '4bd50cca282faff2cc537d98d8124d57') in 0.015466 seconds 
Number of asset objects unloaded after import = 1
========================================================================
Received Import Request.
  Time since last request: 0.000014 seconds.
  path: Assets/Test/TestRender/Material/Blur.mat
  artifactKey: Guid(1780a55e2e96fee49baca3bf5e9440b7) Importer(815301076,1909f56bfc062723c751e8b465ee728b)
Number of updated assets reloaded before import = 0
Start importing Assets/Test/TestRender/Material/Blur.mat using Guid(1780a55e2e96fee49baca3bf5e9440b7) Importer(815301076,1909f56bfc062723c751e8b465ee728b) NullReferenceException: Object reference not set to an instance of an object
  at Test.RayTraceBake.Script.LightmapPipeLine.RenderLightmapUvGbuffer (UnityEngine.Rendering.ScriptableRenderContext& cmd) [0x00001] in D:\studyProject\3DDev\Assets\Test\RayTraceBake\Script\LightmapPipeLine.cs:63 
  at Test.RayTraceBake.Script.LightmapPipeLine.Render (UnityEngine.Rendering.ScriptableRenderContext context, UnityEngine.Camera[] cameras) [0x0004c] in D:\studyProject\3DDev\Assets\Test\RayTraceBake\Script\LightmapPipeLine.cs:164 
  at UnityEngine.Rendering.RenderPipeline.Render (UnityEngine.Rendering.ScriptableRenderContext context, System.Collections.Generic.List`1[T] cameras) [0x00009] in <e3c04d2862064c43b960c3ffb85afd75>:0 
  at UnityEngine.Rendering.RenderPipeline.InternalRender (UnityEngine.Rendering.ScriptableRenderContext context, System.Collections.Generic.List`1[T] cameras) [0x0001c] in <e3c04d2862064c43b960c3ffb85afd75>:0 
  at UnityEngine.Rendering.RenderPipelineManager.DoRenderLoop_Internal (UnityEngine.Rendering.RenderPipelineAsset pipe, System.IntPtr loopPtr, System.Collections.Generic.List`1[T] renderRequests, Unity.Collections.LowLevel.Unsafe.AtomicSafetyHandle safety) [0x00044] in <e3c04d2862064c43b960c3ffb85afd75>:0 
UnityEngine.Camera:Render(Camera)
UnityEditor.PreviewRenderUtility:Render(Boolean, Boolean)
UnityEditor.MaterialEditor:DoRenderPreview(PreviewRenderUtility, Boolean)
UnityEditor.MaterialEditor:RenderStaticPreview(String, Object[], Int32, Int32)
UnityEditor.AssetPreviewUpdater:CreatePreview(Object, Object[], String, Int32, Int32)
UnityEditor.AssetPreviewUpdater:CreatePreviewForAsset(Object, Object[], String)

(Filename: Assets/Test/RayTraceBake/Script/LightmapPipeLine.cs Line: 63)

 -> (artifact id: '97bf94f69cfeced47e2a0f8f0c950027') in 0.020070 seconds 
Number of asset objects unloaded after import = 1
========================================================================
Received Import Request.
  Time since last request: 0.000014 seconds.
  path: Assets/Test/RayTracing/RayTracing/Lit 1.mat
  artifactKey: Guid(1e71fa6d672b79349bafe64e3ffe975a) Importer(815301076,1909f56bfc062723c751e8b465ee728b)
Number of updated assets reloaded before import = 0
Start importing Assets/Test/RayTracing/RayTracing/Lit 1.mat using Guid(1e71fa6d672b79349bafe64e3ffe975a) Importer(815301076,1909f56bfc062723c751e8b465ee728b) NullReferenceException: Object reference not set to an instance of an object
  at Test.RayTraceBake.Script.LightmapPipeLine.RenderLightmapUvGbuffer (UnityEngine.Rendering.ScriptableRenderContext& cmd) [0x00001] in D:\studyProject\3DDev\Assets\Test\RayTraceBake\Script\LightmapPipeLine.cs:63 
  at Test.RayTraceBake.Script.LightmapPipeLine.Render (UnityEngine.Rendering.ScriptableRenderContext context, UnityEngine.Camera[] cameras) [0x0004c] in D:\studyProject\3DDev\Assets\Test\RayTraceBake\Script\LightmapPipeLine.cs:164 
  at UnityEngine.Rendering.RenderPipeline.Render (UnityEngine.Rendering.ScriptableRenderContext context, System.Collections.Generic.List`1[T] cameras) [0x00009] in <e3c04d2862064c43b960c3ffb85afd75>:0 
  at UnityEngine.Rendering.RenderPipeline.InternalRender (UnityEngine.Rendering.ScriptableRenderContext context, System.Collections.Generic.List`1[T] cameras) [0x0001c] in <e3c04d2862064c43b960c3ffb85afd75>:0 
  at UnityEngine.Rendering.RenderPipelineManager.DoRenderLoop_Internal (UnityEngine.Rendering.RenderPipelineAsset pipe, System.IntPtr loopPtr, System.Collections.Generic.List`1[T] renderRequests, Unity.Collections.LowLevel.Unsafe.AtomicSafetyHandle safety) [0x00044] in <e3c04d2862064c43b960c3ffb85afd75>:0 
UnityEngine.Camera:Render(Camera)
UnityEditor.PreviewRenderUtility:Render(Boolean, Boolean)
UnityEditor.MaterialEditor:DoRenderPreview(PreviewRenderUtility, Boolean)
UnityEditor.MaterialEditor:RenderStaticPreview(String, Object[], Int32, Int32)
UnityEditor.AssetPreviewUpdater:CreatePreview(Object, Object[], String, Int32, Int32)
UnityEditor.AssetPreviewUpdater:CreatePreviewForAsset(Object, Object[], String)

(Filename: Assets/Test/RayTraceBake/Script/LightmapPipeLine.cs Line: 63)

 -> (artifact id: 'e8b7b2364cf2a14f0020efd5d617ee74') in 0.037709 seconds 
Number of asset objects unloaded after import = 1
========================================================================
Received Import Request.
  Time since last request: 0.000016 seconds.
  path: Assets/OpWorld/Render/Resources/VirtualMatUnlit.mat
  artifactKey: Guid(d960ef730fed2c3408f36c7a610e81c7) Importer(815301076,1909f56bfc062723c751e8b465ee728b)
Number of updated assets reloaded before import = 0
Start importing Assets/OpWorld/Render/Resources/VirtualMatUnlit.mat using Guid(d960ef730fed2c3408f36c7a610e81c7) Importer(815301076,1909f56bfc062723c751e8b465ee728b) NullReferenceException: Object reference not set to an instance of an object
  at Test.RayTraceBake.Script.LightmapPipeLine.RenderLightmapUvGbuffer (UnityEngine.Rendering.ScriptableRenderContext& cmd) [0x00001] in D:\studyProject\3DDev\Assets\Test\RayTraceBake\Script\LightmapPipeLine.cs:63 
  at Test.RayTraceBake.Script.LightmapPipeLine.Render (UnityEngine.Rendering.ScriptableRenderContext context, UnityEngine.Camera[] cameras) [0x0004c] in D:\studyProject\3DDev\Assets\Test\RayTraceBake\Script\LightmapPipeLine.cs:164 
  at UnityEngine.Rendering.RenderPipeline.Render (UnityEngine.Rendering.ScriptableRenderContext context, System.Collections.Generic.List`1[T] cameras) [0x00009] in <e3c04d2862064c43b960c3ffb85afd75>:0 
  at UnityEngine.Rendering.RenderPipeline.InternalRender (UnityEngine.Rendering.ScriptableRenderContext context, System.Collections.Generic.List`1[T] cameras) [0x0001c] in <e3c04d2862064c43b960c3ffb85afd75>:0 
  at UnityEngine.Rendering.RenderPipelineManager.DoRenderLoop_Internal (UnityEngine.Rendering.RenderPipelineAsset pipe, System.IntPtr loopPtr, System.Collections.Generic.List`1[T] renderRequests, Unity.Collections.LowLevel.Unsafe.AtomicSafetyHandle safety) [0x00044] in <e3c04d2862064c43b960c3ffb85afd75>:0 
UnityEngine.Camera:Render(Camera)
UnityEditor.PreviewRenderUtility:Render(Boolean, Boolean)
UnityEditor.MaterialEditor:DoRenderPreview(PreviewRenderUtility, Boolean)
UnityEditor.MaterialEditor:RenderStaticPreview(String, Object[], Int32, Int32)
UnityEditor.AssetPreviewUpdater:CreatePreview(Object, Object[], String, Int32, Int32)
UnityEditor.AssetPreviewUpdater:CreatePreviewForAsset(Object, Object[], String)

(Filename: Assets/Test/RayTraceBake/Script/LightmapPipeLine.cs Line: 63)

 -> (artifact id: '58bb4cb7012066adfd92463b67866877') in 0.012923 seconds 
Number of asset objects unloaded after import = 1
========================================================================
Received Import Request.
  Time since last request: 0.000021 seconds.
  path: Assets/Test/RayTracing/RayTracing/Lit 2.mat
  artifactKey: Guid(8a18615e5ed678c4cae215b2e2ba8122) Importer(815301076,1909f56bfc062723c751e8b465ee728b)
Number of updated assets reloaded before import = 0
Start importing Assets/Test/RayTracing/RayTracing/Lit 2.mat using Guid(8a18615e5ed678c4cae215b2e2ba8122) Importer(815301076,1909f56bfc062723c751e8b465ee728b) NullReferenceException: Object reference not set to an instance of an object
  at Test.RayTraceBake.Script.LightmapPipeLine.RenderLightmapUvGbuffer (UnityEngine.Rendering.ScriptableRenderContext& cmd) [0x00001] in D:\studyProject\3DDev\Assets\Test\RayTraceBake\Script\LightmapPipeLine.cs:63 
  at Test.RayTraceBake.Script.LightmapPipeLine.Render (UnityEngine.Rendering.ScriptableRenderContext context, UnityEngine.Camera[] cameras) [0x0004c] in D:\studyProject\3DDev\Assets\Test\RayTraceBake\Script\LightmapPipeLine.cs:164 
  at UnityEngine.Rendering.RenderPipeline.Render (UnityEngine.Rendering.ScriptableRenderContext context, System.Collections.Generic.List`1[T] cameras) [0x00009] in <e3c04d2862064c43b960c3ffb85afd75>:0 
  at UnityEngine.Rendering.RenderPipeline.InternalRender (UnityEngine.Rendering.ScriptableRenderContext context, System.Collections.Generic.List`1[T] cameras) [0x0001c] in <e3c04d2862064c43b960c3ffb85afd75>:0 
  at UnityEngine.Rendering.RenderPipelineManager.DoRenderLoop_Internal (UnityEngine.Rendering.RenderPipelineAsset pipe, System.IntPtr loopPtr, System.Collections.Generic.List`1[T] renderRequests, Unity.Collections.LowLevel.Unsafe.AtomicSafetyHandle safety) [0x00044] in <e3c04d2862064c43b960c3ffb85afd75>:0 
UnityEngine.Camera:Render(Camera)
UnityEditor.PreviewRenderUtility:Render(Boolean, Boolean)
UnityEditor.MaterialEditor:DoRenderPreview(PreviewRenderUtility, Boolean)
UnityEditor.MaterialEditor:RenderStaticPreview(String, Object[], Int32, Int32)
UnityEditor.AssetPreviewUpdater:CreatePreview(Object, Object[], String, Int32, Int32)
UnityEditor.AssetPreviewUpdater:CreatePreviewForAsset(Object, Object[], String)

(Filename: Assets/Test/RayTraceBake/Script/LightmapPipeLine.cs Line: 63)

 -> (artifact id: '4915b7977785a9f6abe5165a341cdca2') in 0.018432 seconds 
Number of asset objects unloaded after import = 1
========================================================================
Received Import Request.
  Time since last request: 0.000012 seconds.
  path: Assets/Test/RayTraceBake/Models/funingna/Materials/髮+.mat
  artifactKey: Guid(6d53544345a4d8e4d8594801bfdc5a23) Importer(815301076,1909f56bfc062723c751e8b465ee728b)
Number of updated assets reloaded before import = 0
Start importing Assets/Test/RayTraceBake/Models/funingna/Materials/髮+.mat using Guid(6d53544345a4d8e4d8594801bfdc5a23) Importer(815301076,1909f56bfc062723c751e8b465ee728b) NullReferenceException: Object reference not set to an instance of an object
  at Test.RayTraceBake.Script.LightmapPipeLine.RenderLightmapUvGbuffer (UnityEngine.Rendering.ScriptableRenderContext& cmd) [0x00001] in D:\studyProject\3DDev\Assets\Test\RayTraceBake\Script\LightmapPipeLine.cs:63 
  at Test.RayTraceBake.Script.LightmapPipeLine.Render (UnityEngine.Rendering.ScriptableRenderContext context, UnityEngine.Camera[] cameras) [0x0004c] in D:\studyProject\3DDev\Assets\Test\RayTraceBake\Script\LightmapPipeLine.cs:164 
  at UnityEngine.Rendering.RenderPipeline.Render (UnityEngine.Rendering.ScriptableRenderContext context, System.Collections.Generic.List`1[T] cameras) [0x00009] in <e3c04d2862064c43b960c3ffb85afd75>:0 
  at UnityEngine.Rendering.RenderPipeline.InternalRender (UnityEngine.Rendering.ScriptableRenderContext context, System.Collections.Generic.List`1[T] cameras) [0x0001c] in <e3c04d2862064c43b960c3ffb85afd75>:0 
  at UnityEngine.Rendering.RenderPipelineManager.DoRenderLoop_Internal (UnityEngine.Rendering.RenderPipelineAsset pipe, System.IntPtr loopPtr, System.Collections.Generic.List`1[T] renderRequests, Unity.Collections.LowLevel.Unsafe.AtomicSafetyHandle safety) [0x00044] in <e3c04d2862064c43b960c3ffb85afd75>:0 
UnityEngine.Camera:Render(Camera)
UnityEditor.PreviewRenderUtility:Render(Boolean, Boolean)
UnityEditor.MaterialEditor:DoRenderPreview(PreviewRenderUtility, Boolean)
UnityEditor.MaterialEditor:RenderStaticPreview(String, Object[], Int32, Int32)
UnityEditor.AssetPreviewUpdater:CreatePreview(Object, Object[], String, Int32, Int32)
UnityEditor.AssetPreviewUpdater:CreatePreviewForAsset(Object, Object[], String)

(Filename: Assets/Test/RayTraceBake/Script/LightmapPipeLine.cs Line: 63)

 -> (artifact id: 'd0d4bef55621115c90c90d599d77a247') in 0.016560 seconds 
Number of asset objects unloaded after import = 2
========================================================================
Received Prepare
Registering precompiled user dll's ...
Registered in 0.010512 seconds.
Begin MonoManager ReloadAssembly
Native extension for WindowsStandalone target not found
Native extension for Android target not found
Refreshing native plugins compatible for Editor in 0.83 ms, found 3 plugins.
Preloading 0 native plugins for Editor in 0.00 ms.
[Package Manager] Server::EnsureServerProcessIsRunning -- launch failed, reason: Unity was launched with the -noUpm command-line argument
[Package Manager] Cannot connect to Unity Package Manager local server
Mono: successfully reloaded assembly
- Completed reload, in  1.479 seconds
Domain Reload Profiling:
	ReloadAssembly (1480ms)
		BeginReloadAssembly (120ms)
			ExecutionOrderSort (0ms)
			DisableScriptedObjects (4ms)
			BackupInstance (0ms)
			ReleaseScriptingObjects (0ms)
			CreateAndSetChildDomain (38ms)
		EndReloadAssembly (1290ms)
			LoadAssemblies (77ms)
			RebuildTransferFunctionScriptingTraits (0ms)
			SetupTypeCache (221ms)
			ReleaseScriptCaches (1ms)
			RebuildScriptCaches (33ms)
			SetupLoadedEditorAssemblies (936ms)
				LogAssemblyErrors (0ms)
				InitializePlatformSupportModulesInManaged (18ms)
				SetLoadedEditorAssemblies (0ms)
				RefreshPlugins (1ms)
				BeforeProcessingInitializeOnLoad (63ms)
				ProcessInitializeOnLoadAttributes (689ms)
				ProcessInitializeOnLoadMethodAttributes (160ms)
				AfterProcessingInitializeOnLoad (4ms)
				EditorAssembliesLoaded (0ms)
			ExecutionOrderSort2 (0ms)
			AwakeInstancesAfterBackupRestoration (5ms)
Platform modules already initialized, skipping
Refreshing native plugins compatible for Editor in 0.78 ms, found 3 plugins.
Preloading 0 native plugins for Editor in 0.00 ms.
Unloading 4840 Unused Serialized files (Serialized files now loaded: 0)
Unloading 43 unused Assets / (0.8 MB). Loaded Objects now: 5486.
Memory consumption went from 213.2 MB to 212.4 MB.
Total: 13.633600 ms (FindLiveObjects: 0.245400 ms CreateObjectMapping: 0.145200 ms MarkObjects: 12.985400 ms  DeleteObjects: 0.256000 ms)

AssetImportParameters requested are different than current active one (requested -> active):
  custom:video-decoder-ogg-theora: a1e56fd34408186e4bbccfd4996cb3dc -> 
  custom:container-muxer-webm: aa71ff27fc2769a1b78a27578f13a17b -> 
  custom:container-demuxer-webm: 4f35f7cbe854078d1ac9338744f61a02 -> 
  custom:video-encoder-webm-vp8: eb34c28f22e8b96e1ab97ce403110664 -> 
  custom:CustomObjectIndexerAttribute: 6b0e35c9178b02a6363f3721b7b8e397 -> 
  custom:audio-encoder-webm-vorbis: bf7c407c2cedff20999df2af8eb42d56 -> 
  custom:framework-win-MediaFoundation: 216162199b28c13a410421893ffa2e32 -> 
  custom:SearchIndexIgnoredProperties: e643bd26f0fe6173181afceb89e7c659 -> 
  custom:container-demuxer-ogg: 62fdf1f143b41e24485cea50d1cbac27 -> 
  custom:video-decoder-webm-vp8: 9c59270c3fd7afecdb556c50c9e8de78 -> 
  custom:audio-decoder-ogg-vorbis: bf7c407c2cedff20999df2af8eb42d56 -> 
========================================================================
Received Prepare
Registering precompiled user dll's ...
Registered in 0.011250 seconds.
Begin MonoManager ReloadAssembly
Native extension for WindowsStandalone target not found
Native extension for Android target not found
Refreshing native plugins compatible for Editor in 0.55 ms, found 3 plugins.
Preloading 0 native plugins for Editor in 0.00 ms.
[Package Manager] Server::EnsureServerProcessIsRunning -- launch failed, reason: Unity was launched with the -noUpm command-line argument
[Package Manager] Cannot connect to Unity Package Manager local server
Mono: successfully reloaded assembly
- Completed reload, in  1.524 seconds
Domain Reload Profiling:
	ReloadAssembly (1525ms)
		BeginReloadAssembly (127ms)
			ExecutionOrderSort (0ms)
			DisableScriptedObjects (5ms)
			BackupInstance (0ms)
			ReleaseScriptingObjects (0ms)
			CreateAndSetChildDomain (38ms)
		EndReloadAssembly (1321ms)
			LoadAssemblies (86ms)
			RebuildTransferFunctionScriptingTraits (0ms)
			SetupTypeCache (245ms)
			ReleaseScriptCaches (1ms)
			RebuildScriptCaches (32ms)
			SetupLoadedEditorAssemblies (930ms)
				LogAssemblyErrors (0ms)
				InitializePlatformSupportModulesInManaged (16ms)
				SetLoadedEditorAssemblies (0ms)
				RefreshPlugins (1ms)
				BeforeProcessingInitializeOnLoad (61ms)
				ProcessInitializeOnLoadAttributes (681ms)
				ProcessInitializeOnLoadMethodAttributes (167ms)
				AfterProcessingInitializeOnLoad (4ms)
				EditorAssembliesLoaded (0ms)
			ExecutionOrderSort2 (0ms)
			AwakeInstancesAfterBackupRestoration (5ms)
Platform modules already initialized, skipping
Refreshing native plugins compatible for Editor in 0.75 ms, found 3 plugins.
Preloading 0 native plugins for Editor in 0.00 ms.
Unloading 4839 Unused Serialized files (Serialized files now loaded: 0)
Unloading 40 unused Assets / (0.8 MB). Loaded Objects now: 5489.
Memory consumption went from 213.1 MB to 212.3 MB.
Total: 13.176900 ms (FindLiveObjects: 0.239900 ms CreateObjectMapping: 0.189500 ms MarkObjects: 12.496800 ms  DeleteObjects: 0.249300 ms)

AssetImportParameters requested are different than current active one (requested -> active):
  custom:video-decoder-ogg-theora: a1e56fd34408186e4bbccfd4996cb3dc -> 
  custom:container-muxer-webm: aa71ff27fc2769a1b78a27578f13a17b -> 
  custom:container-demuxer-webm: 4f35f7cbe854078d1ac9338744f61a02 -> 
  custom:video-encoder-webm-vp8: eb34c28f22e8b96e1ab97ce403110664 -> 
  custom:CustomObjectIndexerAttribute: 6b0e35c9178b02a6363f3721b7b8e397 -> 
  custom:audio-encoder-webm-vorbis: bf7c407c2cedff20999df2af8eb42d56 -> 
  custom:framework-win-MediaFoundation: 216162199b28c13a410421893ffa2e32 -> 
  custom:SearchIndexIgnoredProperties: e643bd26f0fe6173181afceb89e7c659 -> 
  custom:container-demuxer-ogg: 62fdf1f143b41e24485cea50d1cbac27 -> 
  custom:video-decoder-webm-vp8: 9c59270c3fd7afecdb556c50c9e8de78 -> 
  custom:audio-decoder-ogg-vorbis: bf7c407c2cedff20999df2af8eb42d56 -> 
========================================================================
Received Prepare
Registering precompiled user dll's ...
Registered in 0.010973 seconds.
Begin MonoManager ReloadAssembly
Native extension for WindowsStandalone target not found
Native extension for Android target not found
Refreshing native plugins compatible for Editor in 0.57 ms, found 3 plugins.
Preloading 0 native plugins for Editor in 0.00 ms.
[Package Manager] Server::EnsureServerProcessIsRunning -- launch failed, reason: Unity was launched with the -noUpm command-line argument
[Package Manager] Cannot connect to Unity Package Manager local server
Mono: successfully reloaded assembly
- Completed reload, in  1.467 seconds
Domain Reload Profiling:
	ReloadAssembly (1468ms)
		BeginReloadAssembly (125ms)
			ExecutionOrderSort (0ms)
			DisableScriptedObjects (3ms)
			BackupInstance (0ms)
			ReleaseScriptingObjects (0ms)
			CreateAndSetChildDomain (39ms)
		EndReloadAssembly (1275ms)
			LoadAssemblies (84ms)
			RebuildTransferFunctionScriptingTraits (0ms)
			SetupTypeCache (230ms)
			ReleaseScriptCaches (1ms)
			RebuildScriptCaches (36ms)
			SetupLoadedEditorAssemblies (900ms)
				LogAssemblyErrors (0ms)
				InitializePlatformSupportModulesInManaged (17ms)
				SetLoadedEditorAssemblies (0ms)
				RefreshPlugins (1ms)
				BeforeProcessingInitializeOnLoad (59ms)
				ProcessInitializeOnLoadAttributes (662ms)
				ProcessInitializeOnLoadMethodAttributes (157ms)
				AfterProcessingInitializeOnLoad (4ms)
				EditorAssembliesLoaded (0ms)
			ExecutionOrderSort2 (0ms)
			AwakeInstancesAfterBackupRestoration (5ms)
Platform modules already initialized, skipping
Refreshing native plugins compatible for Editor in 0.53 ms, found 3 plugins.
Preloading 0 native plugins for Editor in 0.00 ms.
Unloading 4839 Unused Serialized files (Serialized files now loaded: 0)
Unloading 40 unused Assets / (0.8 MB). Loaded Objects now: 5492.
Memory consumption went from 213.0 MB to 212.3 MB.
Total: 13.147200 ms (FindLiveObjects: 0.238800 ms CreateObjectMapping: 0.136400 ms MarkObjects: 12.538000 ms  DeleteObjects: 0.232500 ms)

AssetImportParameters requested are different than current active one (requested -> active):
  custom:video-decoder-ogg-theora: a1e56fd34408186e4bbccfd4996cb3dc -> 
  custom:container-muxer-webm: aa71ff27fc2769a1b78a27578f13a17b -> 
  custom:container-demuxer-webm: 4f35f7cbe854078d1ac9338744f61a02 -> 
  custom:video-encoder-webm-vp8: eb34c28f22e8b96e1ab97ce403110664 -> 
  custom:CustomObjectIndexerAttribute: 6b0e35c9178b02a6363f3721b7b8e397 -> 
  custom:audio-encoder-webm-vorbis: bf7c407c2cedff20999df2af8eb42d56 -> 
  custom:framework-win-MediaFoundation: 216162199b28c13a410421893ffa2e32 -> 
  custom:SearchIndexIgnoredProperties: e643bd26f0fe6173181afceb89e7c659 -> 
  custom:container-demuxer-ogg: 62fdf1f143b41e24485cea50d1cbac27 -> 
  custom:video-decoder-webm-vp8: 9c59270c3fd7afecdb556c50c9e8de78 -> 
  custom:audio-decoder-ogg-vorbis: bf7c407c2cedff20999df2af8eb42d56 -> 
